<?xml version="1.0" encoding="UTF-8"?>
<testng-results ignored="0" total="1" passed="1" failed="0" skipped="0">
  <reporter-output>
  </reporter-output>
  <suite started-at="2021-04-16T19:56:05 IST" name="Default suite" finished-at="2021-04-16T19:56:15 IST" duration-ms="10042">
    <groups>
    </groups>
    <test started-at="2021-04-16T19:56:05 IST" name="Default test" finished-at="2021-04-16T19:56:15 IST" duration-ms="10042">
      <class name="tests.SampleTest">
        <test-method signature="test()[pri:0, instance:tests.SampleTest@78ffe6dc]" started-at="2021-04-16T19:56:05 IST" name="test" finished-at="2021-04-16T19:56:15 IST" duration-ms="9949" status="PASS">
          <reporter-output>
          </reporter-output>
        </test-method> <!-- test -->
      </class> <!-- tests.SampleTest -->
    </test> <!-- Default test -->
  </suite> <!-- Default suite -->
</testng-results>
